<?xml version="1.0" encoding="UTF-8"?>
<testsuite xmlns:xsi="http://www.w3.org/2001/XMLSchema-instance" xsi:noNamespaceSchemaLocation="https://maven.apache.org/surefire/maven-surefire-plugin/xsd/surefire-test-report-3.0.xsd" version="3.0" name="ar.dev.maxisandoval.equiposspringsecurityapirest.EquiposSpringSecurityApiRestApplicationTests" time="2.012" tests="1" errors="0" skipped="0" failures="0">
  <properties>
[...]
</properties>
  <testcase name="contextLoads" classname="ar.dev.maxisandoval.equiposspringsecurityapirest.EquiposSpringSecurityApiRestApplicationTests" time="0.008">
    <system-out><![CDATA[00:58:28.766 [main] INFO org.springframework.test.context.support.AnnotationConfigContextLoaderUtils -- Could not detect default configuration classes for test class [ar.dev.maxisandoval.equiposspringsecurityapirest.EquiposSpringSecurityApiRestApplicationTests]: EquiposSpringSecurityApiRestApplicationTests does not declare any static, non-private, non-final, nested classes annotated with @Configuration.
00:58:28.858 [main] INFO org.springframework.boot.test.context.SpringBootTestContextBootstrapper -- Found @SpringBootConfiguration ar.dev.maxisandoval.equiposspringsecurityapirest.EquiposSpringSecurityApiRestApplication for test class ar.dev.maxisandoval.equiposspringsecurityapirest.EquiposSpringSecurityApiRestApplicationTests

  .   ____          _            __ _ _
 /\\ / ___'_ __ _ _(_)_ __  __ _ \ \ \ \
( ( )\___ | '_ | '_| | '_ \/ _` | \ \ \ \
 \\/  ___)| |_)| | | | | || (_| |  ) ) ) )
  '  |____| .__|_| |_|_| |_\__, | / / / /
 =========|_|==============|___/=/_/_/_/

 :: Spring Boot ::                (v3.3.4)

2024-10-09T00:58:29.222Z  INFO 1912 --- [equipos-spring-security-api-rest] [           main] posSpringSecurityApiRestApplicationTests : Starting EquiposSpringSecurityApiRestApplicationTests using Java 18.0.2.1 with PID 1912 (started by runner in /home/runner/work/equipos-spring-security-api-rest/equipos-spring-security-api-rest)
2024-10-09T00:58:29.223Z  INFO 1912 --- [equipos-spring-security-api-rest] [           main] posSpringSecurityApiRestApplicationTests : No active profile set, falling back to 1 default profile: "default"
2024-10-09T00:58:30.106Z  INFO 1912 --- [equipos-spring-security-api-rest] [           main] r$InitializeUserDetailsManagerConfigurer : Global AuthenticationManager configured with UserDetailsService bean with name inMemoryUserDetailsManager
2024-10-09T00:58:30.651Z  INFO 1912 --- [equipos-spring-security-api-rest] [           main] posSpringSecurityApiRestApplicationTests : Started EquiposSpringSecurityApiRestApplicationTests in 1.677 seconds (process running for 3.427)
]]></system-out>
  </testcase>
</testsuite>